<?xml version="1.0" encoding="UTF-8" ?>
<testsuite tests="1" failures="0" name="com.codebind.AppTest" time="0.004" errors="0" skipped="0">
  <properties>
    <property name="java.runtime.name" value="Java(TM) SE Runtime Environment"/>
    <property name="sun.boot.library.path" value="D:\Krishna\AWS\java8\Java\jdk1.8.0_201\jre\bin"/>
    <property name="java.vm.version" value="25.201-b09"/>
    <property name="java.vm.vendor" value="Oracle Corporation"/>
    <property name="maven.multiModuleProjectDirectory" value="D:\Krishna\AWS\jenkins_declarative_pipeline\workspace"/>
    <property name="java.vendor.url" value="http://java.oracle.com/"/>
    <property name="path.separator" value=";"/>
    <property name="guice.disable.misplaced.annotation.check" value="true"/>
    <property name="java.vm.name" value="Java HotSpot(TM) 64-Bit Server VM"/>
    <property name="file.encoding.pkg" value="sun.io"/>
    <property name="user.script" value=""/>
    <property name="user.country" value="US"/>
    <property name="sun.java.launcher" value="SUN_STANDARD"/>
    <property name="sun.os.patch.level" value=""/>
    <property name="java.vm.specification.name" value="Java Virtual Machine Specification"/>
    <property name="user.dir" value="D:\Krishna\AWS\jenkins_declarative_pipeline\workspace"/>
    <property name="java.runtime.version" value="1.8.0_201-b09"/>
    <property name="java.awt.graphicsenv" value="sun.awt.Win32GraphicsEnvironment"/>
    <property name="java.endorsed.dirs" value="D:\Krishna\AWS\java8\Java\jdk1.8.0_201\jre\lib\endorsed"/>
    <property name="os.arch" value="amd64"/>
    <property name="java.io.tmpdir" value="C:\Users\ADMINI~1.DES\AppData\Local\Temp\"/>
    <property name="line.separator" value="
"/>
    <property name="java.vm.specification.vendor" value="Oracle Corporation"/>
    <property name="user.variant" value=""/>
    <property name="os.name" value="Windows 10"/>
    <property name="classworlds.conf" value="D:\Krishna\AWS\jenkins_declarative_pipeline\eclipse\eclipse_install\workspace\eclipse-workspace\.metadata\.plugins\org.eclipse.m2e.launching\launches\m2conf185383253602275634.tmp"/>
    <property name="sun.jnu.encoding" value="Cp1252"/>
    <property name="java.library.path" value="D:\Krishna\AWS\java8\Java\jdk1.8.0_201\bin;C:\Windows\Sun\Java\bin;C:\Windows\system32;C:\Windows;D:/Krishna/AWS/java8/Java/jdk1.8.0_201/bin/../jre/bin/server;D:/Krishna/AWS/java8/Java/jdk1.8.0_201/bin/../jre/bin;D:/Krishna/AWS/java8/Java/jdk1.8.0_201/bin/../jre/lib/amd64;C:\Program Files (x86)\Microsoft SDKs\Azure\CLI2\wbin;C:\Windows\System32;D:\Krishna\AWS\java8\Java\jdk1.8.0_201\bin;D:\Krishna\AWS\tomcat\apache-tomcat-8.5.39\lib\servlet-api.jar;D:\Krishna\Binaries\apache-maven-3.6.0-bin\apache-maven-3.6.0\bin;D:\Krishna\AWS\sonarqube\sonar-runner-dist-2.4\sonar-runner-2.4\bin;D:\Krishna\AWS\sonarqube\sonar-runner-dist-2.4\sonar-runner-2.4\bin;D:\Krishna\AWS\terraform\terraform;D:\k8s_terraform\bit_bucket\Source_Manager\TortoiseGit\bin;C:\Windows\System32\wbem;C:\Program Files\SourceGear\Common\DiffMerge\;D:\Krishna\AWS\git_install_setup\git_bash_location\Git\cmd;C:\Program Files\Amazon\AWSCLIV2\;D:\Krishna\AWS\python\Python37;D:\Krishna\AWS\python\Python37\Scripts;D:\Krishna\AWS\python\Python37\Scripts\;D:\Krishna\AWS\python\Python37\;D:\Krishna\AWS\jenkins_declarative_pipeline\eclipse;;."/>
    <property name="java.specification.name" value="Java Platform API Specification"/>
    <property name="java.class.version" value="52.0"/>
    <property name="sun.management.compiler" value="HotSpot 64-Bit Tiered Compilers"/>
    <property name="os.version" value="10.0"/>
    <property name="user.home" value="C:\Users\Administrator.DESKTOP-C9E863I"/>
    <property name="user.timezone" value="Asia/Calcutta"/>
    <property name="java.awt.printerjob" value="sun.awt.windows.WPrinterJob"/>
    <property name="java.specification.version" value="1.8"/>
    <property name="file.encoding" value="Cp1252"/>
    <property name="user.name" value="Administrator"/>
    <property name="java.class.path" value="C:\Users\Administrator.DESKTOP-C9E863I\.p2\pool\plugins\org.eclipse.m2e.maven.runtime_1.15.0.20200310-1832\jars\plexus-classworlds-2.6.0.jar"/>
    <property name="java.vm.specification.version" value="1.8"/>
    <property name="sun.arch.data.model" value="64"/>
    <property name="java.home" value="D:\Krishna\AWS\java8\Java\jdk1.8.0_201\jre"/>
    <property name="sun.java.command" value="org.codehaus.plexus.classworlds.launcher.Launcher -B install"/>
    <property name="java.specification.vendor" value="Oracle Corporation"/>
    <property name="user.language" value="en"/>
    <property name="awt.toolkit" value="sun.awt.windows.WToolkit"/>
    <property name="java.vm.info" value="mixed mode"/>
    <property name="java.version" value="1.8.0_201"/>
    <property name="java.ext.dirs" value="D:\Krishna\AWS\java8\Java\jdk1.8.0_201\jre\lib\ext;C:\Windows\Sun\Java\lib\ext"/>
    <property name="sun.boot.class.path" value="D:\Krishna\AWS\java8\Java\jdk1.8.0_201\jre\lib\resources.jar;D:\Krishna\AWS\java8\Java\jdk1.8.0_201\jre\lib\rt.jar;D:\Krishna\AWS\java8\Java\jdk1.8.0_201\jre\lib\sunrsasign.jar;D:\Krishna\AWS\java8\Java\jdk1.8.0_201\jre\lib\jsse.jar;D:\Krishna\AWS\java8\Java\jdk1.8.0_201\jre\lib\jce.jar;D:\Krishna\AWS\java8\Java\jdk1.8.0_201\jre\lib\charsets.jar;D:\Krishna\AWS\java8\Java\jdk1.8.0_201\jre\lib\jfr.jar;D:\Krishna\AWS\java8\Java\jdk1.8.0_201\jre\classes"/>
    <property name="java.vendor" value="Oracle Corporation"/>
    <property name="maven.home" value="D:\Krishna\AWS\jenkins_declarative_pipeline\workspace\EMBEDDED"/>
    <property name="file.separator" value="\"/>
    <property name="java.vendor.url.bug" value="http://bugreport.sun.com/bugreport/"/>
    <property name="sun.cpu.endian" value="little"/>
    <property name="sun.io.unicode.encoding" value="UnicodeLittle"/>
    <property name="sun.desktop" value="windows"/>
    <property name="sun.cpu.isalist" value="amd64"/>
  </properties>
  <testcase classname="com.codebind.AppTest" name="test" time="0.004"/>
</testsuite>